Environment variables:
  - Apple_PubSub_Socket_Render=/private/tmp/com.apple.launchd.tChKog4to3/Render
  - COLORFGBG=15;0
  - COLORTERM=truecolor
  - GEM_HOME=/Users/johanchapelain/.rvm/gems/ruby-2.4.1
  - GEM_PATH=/Users/johanchapelain/.rvm/gems/ruby-2.4.1:/Users/johanchapelain/.rvm/gems/ruby-2.4.1@global
  - HOME=/Users/johanchapelain
  - IRBRC=/Users/johanchapelain/.rvm/rubies/ruby-2.4.1/.irbrc
  - ITERM_PROFILE=Default
  - ITERM_SESSION_ID=w2t0p0:E1E6B026-9623-4DD7-B1D7-85C76C926F47
  - JAVA_HOME=/Applications/Sonarqube/sonar-scanner-3.2.0.1227-macosx/jre
  - JAVA_MAIN_CLASS_17588=org.sonarsource.scanner.cli.Main
  - LC_CTYPE=en_US.UTF-8
  - LESS=-R
  - LOGNAME=johanchapelain
  - LSCOLORS=Gxfxcxdxbxegedabagacad
  - MY_RUBY_HOME=/Users/johanchapelain/.rvm/rubies/ruby-2.4.1
  - PAGER=less
  - PATH=/Users/johanchapelain/.rvm/gems/ruby-2.4.1/bin:/Users/johanchapelain/.rvm/gems/ruby-2.4.1@global/bin:/Users/johanchapelain/.rvm/rubies/ruby-2.4.1/bin:/usr/local/bin:/usr/bin:/bin:/usr/sbin:/sbin:/Users/johanchapelain/.rvm/bin:/Applications/Sonarqube/sonar-scanner-3.2.0.1227-macosx/bin
  - PWD=/Users/johanchapelain/Documents/Rendu/SOGE_python/python_soge_week_2/myapp
  - RUBY_VERSION=ruby-2.4.1
  - SHELL=/bin/zsh
  - SHLVL=1
  - SSH_AUTH_SOCK=/private/tmp/com.apple.launchd.up9A1cL9uI/Listeners
  - TERM=xterm-256color
  - TERM_PROGRAM=iTerm.app
  - TERM_PROGRAM_VERSION=3.1.5
  - TERM_SESSION_ID=w2t0p0:E1E6B026-9623-4DD7-B1D7-85C76C926F47
  - TMPDIR=/var/folders/3v/94j0bx7d5rg_s_hxkl7w25880000gn/T/
  - USER=johanchapelain
  - XPC_FLAGS=0x0
  - XPC_SERVICE_NAME=0
  - ZSH=/Users/johanchapelain/.oh-my-zsh
  - __CF_USER_TEXT_ENCODING=0x1F5:0x0:0x1
  - _system_arch=x86_64
  - _system_name=OSX
  - _system_type=Darwin
  - _system_version=10.14
  - rvm_alias_expanded=
  - rvm_bin_flag=
  - rvm_bin_path=/Users/johanchapelain/.rvm/bin
  - rvm_docs_type=
  - rvm_gemstone_package_file=
  - rvm_gemstone_url=
  - rvm_hook=
  - rvm_niceness=
  - rvm_nightly_flag=
  - rvm_only_path_flag=
  - rvm_path=/Users/johanchapelain/.rvm
  - rvm_prefix=/Users/johanchapelain
  - rvm_pretty_print_flag=
  - rvm_proxy=
  - rvm_quiet_flag=
  - rvm_ruby_bits=
  - rvm_ruby_file=
  - rvm_ruby_make=
  - rvm_ruby_make_install=
  - rvm_ruby_mode=
  - rvm_script_name=
  - rvm_sdk=
  - rvm_silent_flag=
  - rvm_use_flag=
  - rvm_version=1.29.3 (latest)
  - rvm_wrapper_name=
System properties:
  - awt.toolkit=sun.lwawt.macosx.LWCToolkit
  - file.encoding=UTF-8
  - file.encoding.pkg=sun.io
  - file.separator=/
  - ftp.nonProxyHosts=local|*.local|169.254/16|*.169.254/16
  - gopherProxySet=false
  - http.nonProxyHosts=local|*.local|169.254/16|*.169.254/16
  - java.awt.graphicsenv=sun.awt.CGraphicsEnvironment
  - java.awt.headless=true
  - java.awt.printerjob=sun.lwawt.macosx.CPrinterJob
  - java.class.path=/Applications/Sonarqube/sonar-scanner-3.2.0.1227-macosx/lib/sonar-scanner-cli-3.2.0.1227.jar
  - java.class.version=52.0
  - java.endorsed.dirs=/Applications/Sonarqube/sonar-scanner-3.2.0.1227-macosx/jre/lib/endorsed
  - java.ext.dirs=/Users/johanchapelain/Library/Java/Extensions:/Applications/Sonarqube/sonar-scanner-3.2.0.1227-macosx/jre/lib/ext:/Library/Java/Extensions:/Network/Library/Java/Extensions:/System/Library/Java/Extensions:/usr/lib/java
  - java.home=/Applications/Sonarqube/sonar-scanner-3.2.0.1227-macosx/jre
  - java.io.tmpdir=/var/folders/3v/94j0bx7d5rg_s_hxkl7w25880000gn/T/
  - java.library.path=/Users/johanchapelain/Library/Java/Extensions:/Library/Java/Extensions:/Network/Library/Java/Extensions:/System/Library/Java/Extensions:/usr/lib/java:.
  - java.runtime.name=Java(TM) SE Runtime Environment
  - java.runtime.version=1.8.0_121-b13
  - java.specification.name=Java Platform API Specification
  - java.specification.vendor=Oracle Corporation
  - java.specification.version=1.8
  - java.vendor=Oracle Corporation
  - java.vendor.url=http://java.oracle.com/
  - java.vendor.url.bug=http://bugreport.sun.com/bugreport/
  - java.version=1.8.0_121
  - java.vm.info=mixed mode
  - java.vm.name=Java HotSpot(TM) 64-Bit Server VM
  - java.vm.specification.name=Java Virtual Machine Specification
  - java.vm.specification.vendor=Oracle Corporation
  - java.vm.specification.version=1.8
  - java.vm.vendor=Oracle Corporation
  - java.vm.version=25.121-b13
  - line.separator=

  - os.arch=x86_64
  - os.name=Mac OS X
  - os.version=10.14
  - path.separator=:
  - project.home=/Users/johanchapelain/Documents/Rendu/SOGE_python/python_soge_week_2/myapp
  - scanner.home=/Applications/Sonarqube/sonar-scanner-3.2.0.1227-macosx
  - socksNonProxyHosts=local|*.local|169.254/16|*.169.254/16
  - sun.arch.data.model=64
  - sun.boot.class.path=/Applications/Sonarqube/sonar-scanner-3.2.0.1227-macosx/jre/lib/resources.jar:/Applications/Sonarqube/sonar-scanner-3.2.0.1227-macosx/jre/lib/rt.jar:/Applications/Sonarqube/sonar-scanner-3.2.0.1227-macosx/jre/lib/sunrsasign.jar:/Applications/Sonarqube/sonar-scanner-3.2.0.1227-macosx/jre/lib/jsse.jar:/Applications/Sonarqube/sonar-scanner-3.2.0.1227-macosx/jre/lib/jce.jar:/Applications/Sonarqube/sonar-scanner-3.2.0.1227-macosx/jre/lib/charsets.jar:/Applications/Sonarqube/sonar-scanner-3.2.0.1227-macosx/jre/lib/jfr.jar:/Applications/Sonarqube/sonar-scanner-3.2.0.1227-macosx/jre/classes
  - sun.boot.library.path=/Applications/Sonarqube/sonar-scanner-3.2.0.1227-macosx/jre/lib
  - sun.cpu.endian=little
  - sun.cpu.isalist=
  - sun.io.unicode.encoding=UnicodeBig
  - sun.java.command=org.sonarsource.scanner.cli.Main -X
  - sun.java.launcher=SUN_STANDARD
  - sun.jnu.encoding=UTF-8
  - sun.management.compiler=HotSpot 64-Bit Tiered Compilers
  - sun.os.patch.level=unknown
  - user.country=FR
  - user.dir=/Users/johanchapelain/Documents/Rendu/SOGE_python/python_soge_week_2/myapp
  - user.home=/Users/johanchapelain
  - user.language=fr
  - user.name=johanchapelain
  - user.timezone=Europe/Paris
SonarQube plugins:
  - SonarPython 1.10.0.2131 (python)
  - SonarCSS 1.0.1.508 (cssfamily)
  - SonarGo 1.1.0.1612 (go)
  - SonarKotlin 1.0.1.965 (kotlin)
  - Svn 1.8.0.1168 (scmsvn)
  - SonarJS 4.2.1.6529 (javascript)
  - SonarC# 7.3.2.6129 (csharp)
  - SonarJava 5.7.0.15470 (java)
  - LDAP 2.2.0.608 (ldap)
  - Git 1.4.1.1128 (scmgit)
  - SonarFlex 2.4.0.1222 (flex)
  - SonarXML 1.5.1.1452 (xml)
  - SonarPHP 2.14.0.3569 (php)
  - SonarTS 1.7.0.2893 (typescript)
Global properties:
  - sonar.core.id=BF41A1F2-AWV6lc14CmyA8-rRgWH_
  - sonar.core.startTime=2018-08-28T11:06:50+0200
Settings for module: myproject
  - sonar.host.url=http://localhost:9000
  - sonar.projectBaseDir=/Users/johanchapelain/Documents/Rendu/SOGE_python/python_soge_week_2/myapp
  - sonar.projectKey=myproject
  - sonar.projectName=testproject
  - sonar.projectVersion=1.0
  - sonar.scanner.app=ScannerCli
  - sonar.scanner.appVersion=3.2.0.1227
  - sonar.sourceEncoding=UTF-8
  - sonar.sources=.
  - sonar.verbose=true
  - sonar.working.directory=/Users/johanchapelain/Documents/Rendu/SOGE_python/python_soge_week_2/myapp/.scannerwork
